Arguments: 
  /usr/bin/node /usr/share/yarn/bin/yarn.js install

PATH: 
  /home/ubuntu/.rvm/gems/ruby-2.6.3/bin:/home/ubuntu/.rvm/gems/ruby-2.6.3@global/bin:/home/ubuntu/.rvm/rubies/ruby-2.6.3/bin:/home/ubuntu/.rvm/gems/ruby-2.6.3/bin:/home/ubuntu/.rvm/gems/ruby-2.6.3@global/bin:/home/ubuntu/.rvm/rubies/ruby-2.6.3/bin:/home/ubuntu/.rvm/gems/ruby-2.6.3/bin:/home/ubuntu/.rvm/gems/ruby-2.6.3@global/bin:/home/ubuntu/.rvm/rubies/ruby-2.6.3/bin:/usr/local/sbin:/usr/local/bin:/usr/sbin:/usr/bin:/sbin:/bin:/usr/games:/usr/local/games:/snap/bin:/home/ubuntu/.local/bin:/home/ubuntu/bin:/usr/local/bin:/home/ubuntu/.rvm/bin:/home/ubuntu/.local/bin:/home/ubuntu/bin:/usr/local/bin:/home/ubuntu/.rvm/bin:/home/ubuntu/.rvm/bin:/home/ubuntu/.local/bin:/home/ubuntu/bin:/usr/local/bin:/home/ubuntu/.rvm/bin:/home/ubuntu/.rvm/bin

Yarn version: 
  1.22.5

Node version: 
  14.17.2

Platform: 
  linux x64

Trace: 
  SyntaxError: /home/ubuntu/environment/CoCreate-plugins/CoCreate-s3/package.json: Unexpected token 
   in JSON at position 1177
      at JSON.parse (<anonymous>)
      at /usr/share/yarn/lib/cli.js:1625:59
      at Generator.next (<anonymous>)
      at step (/usr/share/yarn/lib/cli.js:310:30)
      at /usr/share/yarn/lib/cli.js:321:13

npm manifest: 
  {
    "name": "@cocreate/s3",
    "version": "1.1.33",
    "description": "A simple HTML5 and pure javascript component. Easy configuration using data-attributes and/or JavaScript API. Highly customizable and styleable.",
    "keywords": [
      "cocreate",
      "no-code-framework",
      "low-code-framework",
      "cocreatejs",
      "cocreatejs-component",
      "cocreate-framework",
      "no-code",
      "low-code",
      "collaborative-framework",
      "realtime",
      "realtime-framework",
      "collaboration",
      "html5",
      "shared-editing",
      "html5-framework",
      "javascript-framework",
      "framework"
    ],
    "publishConfig": {
      "access": "public"
    },
    "scripts": {
      "start": "npx webpack --config webpack.config.js",
      "build": "NODE_ENV=production npx webpack --config webpack.config.js",
      "dev": "npx webpack --config webpack.config.js --watch",
      "docs": "node ./node_modules/@cocreate/docs/src/index.js"
    },
    "repository": {
      "type": "git",
      "url": "git+https://github.com/CoCreate-app/CoCreate-s3.git"
    },
    "author": "CoCreate LLC",
    "license": "MIT",
    "bugs": {
      "url": "https://github.com/CoCreate-app/CoCreate-s3/issues"
    },
    "homepage ": "
    https: //cocreatejs.com/docs/s3",
      "dependencies": {
      "@actions/core": "^1.2.6",
      "@actions/github": "^4.0.0",
      "@cocreate/docs": "^1.1.14",
      "aws-sdk": "^2.820.0"
    }
  }

yarn manifest: 
  No manifest

Lockfile: 
  # THIS IS AN AUTOGENERATED FILE. DO NOT EDIT THIS FILE DIRECTLY.
  # yarn lockfile v1
  
  
  "@actions/core@^1.2.6":
    version "1.4.0"
    resolved "https://registry.yarnpkg.com/@actions/core/-/core-1.4.0.tgz#cf2e6ee317e314b03886adfeb20e448d50d6e524"
    integrity sha512-CGx2ilGq5i7zSLgiiGUtBCxhRRxibJYU6Fim0Q1Wg2aQL2LTnF27zbqZOrxfvFQ55eSBW0L8uVStgtKMpa0Qlg==
  
  "@actions/github@^4.0.0":
    version "4.0.0"
    resolved "https://registry.yarnpkg.com/@actions/github/-/github-4.0.0.tgz#d520483151a2bf5d2dc9cd0f20f9ac3a2e458816"
    integrity sha512-Ej/Y2E+VV6sR9X7pWL5F3VgEWrABaT292DRqRU6R4hnQjPtC/zD3nagxVdXWiRQvYDh8kHXo7IDmG42eJ/dOMA==
    dependencies:
      "@actions/http-client" "^1.0.8"
      "@octokit/core" "^3.0.0"
      "@octokit/plugin-paginate-rest" "^2.2.3"
      "@octokit/plugin-rest-endpoint-methods" "^4.0.0"
  
  "@actions/http-client@^1.0.8":
    version "1.0.11"
    resolved "https://registry.yarnpkg.com/@actions/http-client/-/http-client-1.0.11.tgz#c58b12e9aa8b159ee39e7dd6cbd0e91d905633c0"
    integrity sha512-VRYHGQV1rqnROJqdMvGUbY/Kn8vriQe/F9HR2AlYHzmKuM/p3kjNuXhmdBfcVgsvRWTz5C5XW5xvndZrVBuAYg==
    dependencies:
      tunnel "0.0.6"
  
  "@cocreate/crud-client@^1.0.0":
    version "1.1.9"
    resolved "https://registry.yarnpkg.com/@cocreate/crud-client/-/crud-client-1.1.9.tgz#df1434169dfa5f656d281461bfb2ad3842e9749a"
    integrity sha512-heNbIEwX6i2un+eIQDph7KYt81/9c1VlP0f+VfOA5/7PPNkCA3/Lo5UF76Qzze1JNvvThsQvCXxIA3++YJldKQ==
    dependencies:
      "@cocreate/docs" "^1.0.0"
      "@cocreate/socket-client" "^1.0.0"
  
  "@cocreate/docs@^1.0.0", "@cocreate/docs@^1.1.14":
    version "1.1.14"
    resolved "https://registry.yarnpkg.com/@cocreate/docs/-/docs-1.1.14.tgz#992e6e2e2d9b848e3ba65ff4f4abff07dc3ec6ab"
    integrity sha512-MBSzKticJG8bzfqdN/A1jyLaz5k140S3O6pcN67C1muYfqUpZGxA8Fb4MGZ8QlKjx90De8GgHvZ6XP/x3I4FXw==
    dependencies:
      "@cocreate/crud-client" "^1.0.0"
      "@cocreate/hosting" "^1.0.0"
      extract-comments "^1.1.0"
      glob "^7.1.6"
      parse-html-comments "^1.3.1"
      ws "^7.3.1"
  
  "@cocreate/hosting@^1.0.0":
    version "1.1.4"
    resolved "https://registry.yarnpkg.com/@cocreate/hosting/-/hosting-1.1.4.tgz#a8dfd8e00bdab2e00150bc3e046959e9dde5423f"
    integrity sha512-d6j7AfwUeX9ocx9w3PSLPtLVboSYXDux+7BrfekfKg0xQdU3kk4EDqpZzWEa48UhAHJB2Wa8wh9NODMnXyGQ5w==
    dependencies:
      "@cocreate/crud-client" "^1.0.0"
      "@cocreate/docs" "^1.0.0"
      "@cocreate/socket-client" "^1.0.0"
      mime-types "^2.1.30"
  
  "@cocreate/socket-client@^1.0.0":
    version "1.1.5"
    resolved "https://registry.yarnpkg.com/@cocreate/socket-client/-/socket-client-1.1.5.tgz#0eb487607c7a3adc815923ba4a18be8899bdd1cd"
    integrity sha512-AQxLmjd+fZ5HOeruaUGNBguwfUgv2s1ztBHRj3kGJQHKVv1TXqvCepn+ab34umPEH//t21Inp7T1ZVh/8kwcAA==
    dependencies:
      "@cocreate/docs" "^1.0.0"
      "@cocreate/uuid" "^1.0.0"
      ws "^7.4.4"
  
  "@cocreate/uuid@^1.0.0":
    version "1.0.9"
    resolved "https://registry.yarnpkg.com/@cocreate/uuid/-/uuid-1.0.9.tgz#c97ce6c0909925c5141828d145523d9dcd26be52"
    integrity sha512-e85VF2yiAJdA+T8jyjXX7VsPD/I6AsHov3BEpEnMDw5cMRUOfiiVWfThvLUXai+4YAA0tqmyzydqd3OLerxEsw==
    dependencies:
      "@cocreate/docs" "^1.0.0"
      mini-css-extract-plugin "^1.5.0"
  
  "@octokit/auth-token@^2.4.4":
    version "2.4.5"
    resolved "https://registry.yarnpkg.com/@octokit/auth-token/-/auth-token-2.4.5.tgz#568ccfb8cb46f36441fac094ce34f7a875b197f3"
    integrity sha512-BpGYsPgJt05M7/L/5FoE1PiAbdxXFZkX/3kDYcsvd1v6UhlnE5e96dTDr0ezX/EFwciQxf3cNV0loipsURU+WA==
    dependencies:
      "@octokit/types" "^6.0.3"
  
  "@octokit/core@^3.0.0":
    version "3.5.1"
    resolved "https://registry.yarnpkg.com/@octokit/core/-/core-3.5.1.tgz#8601ceeb1ec0e1b1b8217b960a413ed8e947809b"
    integrity sha512-omncwpLVxMP+GLpLPgeGJBF6IWJFjXDS5flY5VbppePYX9XehevbDykRH9PdCdvqt9TS5AOTiDide7h0qrkHjw==
    dependencies:
      "@octokit/auth-token" "^2.4.4"
      "@octokit/graphql" "^4.5.8"
      "@octokit/request" "^5.6.0"
      "@octokit/request-error" "^2.0.5"
      "@octokit/types" "^6.0.3"
      before-after-hook "^2.2.0"
      universal-user-agent "^6.0.0"
  
  "@octokit/endpoint@^6.0.1":
    version "6.0.12"
    resolved "https://registry.yarnpkg.com/@octokit/endpoint/-/endpoint-6.0.12.tgz#3b4d47a4b0e79b1027fb8d75d4221928b2d05658"
    integrity sha512-lF3puPwkQWGfkMClXb4k/eUT/nZKQfxinRWJrdZaJO85Dqwo/G0yOC434Jr2ojwafWJMYqFGFa5ms4jJUgujdA==
    dependencies:
      "@octokit/types" "^6.0.3"
      is-plain-object "^5.0.0"
      universal-user-agent "^6.0.0"
  
  "@octokit/graphql@^4.5.8":
    version "4.6.4"
    resolved "https://registry.yarnpkg.com/@octokit/graphql/-/graphql-4.6.4.tgz#0c3f5bed440822182e972317122acb65d311a5ed"
    integrity sha512-SWTdXsVheRmlotWNjKzPOb6Js6tjSqA2a8z9+glDJng0Aqjzti8MEWOtuT8ZSu6wHnci7LZNuarE87+WJBG4vg==
    dependencies:
      "@octokit/request" "^5.6.0"
      "@octokit/types" "^6.0.3"
      universal-user-agent "^6.0.0"
  
  "@octokit/openapi-types@^7.3.4":
    version "7.3.4"
    resolved "https://registry.yarnpkg.com/@octokit/openapi-types/-/openapi-types-7.3.4.tgz#9f075e263d1d3c1ba7a789e0085a5ed75d6daad1"
    integrity sha512-binmLrMQWBG0CvUE/jS3/XXrZbX3oN/6gF7ocSsb/ZJ0xfox2isJN4ZhGeL91SDJVzFK7XuUYBm2mlIDedkxsg==
  
  "@octokit/plugin-paginate-rest@^2.2.3":
    version "2.13.5"
    resolved "https://registry.yarnpkg.com/@octokit/plugin-paginate-rest/-/plugin-paginate-rest-2.13.5.tgz#e459f9b5dccbe0a53f039a355d5b80c0a2b0dc57"
    integrity sha512-3WSAKBLa1RaR/7GG+LQR/tAZ9fp9H9waE9aPXallidyci9oZsfgsLn5M836d3LuDC6Fcym+2idRTBpssHZePVg==
    dependencies:
      "@octokit/types" "^6.13.0"
  
  "@octokit/plugin-rest-endpoint-methods@^4.0.0":
    version "4.15.1"
    resolved "https://registry.yarnpkg.com/@octokit/plugin-rest-endpoint-methods/-/plugin-rest-endpoint-methods-4.15.1.tgz#91a064bee99d0ffcef74a04357e1cf15c27d1cd0"
    integrity sha512-4gQg4ySoW7ktKB0Mf38fHzcSffVZd6mT5deJQtpqkuPuAqzlED5AJTeW8Uk7dPRn7KaOlWcXB0MedTFJU1j4qA==
    dependencies:
      "@octokit/types" "^6.13.0"
      deprecation "^2.3.1"
  
  "@octokit/request-error@^2.0.5", "@octokit/request-error@^2.1.0":
    version "2.1.0"
    resolved "https://registry.yarnpkg.com/@octokit/request-error/-/request-error-2.1.0.tgz#9e150357831bfc788d13a4fd4b1913d60c74d677"
    integrity sha512-1VIvgXxs9WHSjicsRwq8PlR2LR2x6DwsJAaFgzdi0JfJoGSO8mYI/cHJQ+9FbN21aa+DrgNLnwObmyeSC8Rmpg==
    dependencies:
      "@octokit/types" "^6.0.3"
      deprecation "^2.0.0"
      once "^1.4.0"
  
  "@octokit/request@^5.6.0":
    version "5.6.0"
    resolved "https://registry.yarnpkg.com/@octokit/request/-/request-5.6.0.tgz#6084861b6e4fa21dc40c8e2a739ec5eff597e672"
    integrity sha512-4cPp/N+NqmaGQwbh3vUsYqokQIzt7VjsgTYVXiwpUP2pxd5YiZB2XuTedbb0SPtv9XS7nzAKjAuQxmY8/aZkiA==
    dependencies:
      "@octokit/endpoint" "^6.0.1"
      "@octokit/request-error" "^2.1.0"
      "@octokit/types" "^6.16.1"
      is-plain-object "^5.0.0"
      node-fetch "^2.6.1"
      universal-user-agent "^6.0.0"
  
  "@octokit/types@^6.0.3", "@octokit/types@^6.13.0", "@octokit/types@^6.16.1":
    version "6.16.6"
    resolved "https://registry.yarnpkg.com/@octokit/types/-/types-6.16.6.tgz#c113a0408a799ccb93c8749806733ad5d3edd142"
    integrity sha512-PrEGjMnEhLlNttsuLadEWqXdMYJX3icHHaRs/ChJebRT79VDh/cNkk8bURx05BEEwr7QvaLsRzjt3hNxUJZfXA==
    dependencies:
      "@octokit/openapi-types" "^7.3.4"
  
  "@types/json-schema@^7.0.6":
    version "7.0.7"
    resolved "https://registry.yarnpkg.com/@types/json-schema/-/json-schema-7.0.7.tgz#98a993516c859eb0d5c4c8f098317a9ea68db9ad"
    integrity sha512-cxWFQVseBm6O9Gbw1IWb8r6OS4OhSt3hPZLkFApLjM8TEXROBuQGLAH2i2gZpcXdLBIrpXuTDhH7Vbm1iXmNGA==
  
  ajv-keywords@^3.5.2:
    version "3.5.2"
    resolved "https://registry.yarnpkg.com/ajv-keywords/-/ajv-keywords-3.5.2.tgz#31f29da5ab6e00d1c2d329acf7b5929614d5014d"
    integrity sha512-5p6WTN0DdTGVQk6VjcEju19IgaHudalcfabD7yhDGeA6bcQnmL+CpveLJq/3hvfwd1aof6L386Ougkx6RfyMIQ==
  
  ajv@^6.12.5:
    version "6.12.6"
    resolved "https://registry.yarnpkg.com/ajv/-/ajv-6.12.6.tgz#baf5a62e802b07d977034586f8c3baf5adf26df4"
    integrity sha512-j3fVLgvTo527anyYyJOGTYJbG+vnnQYvE0m5mmkc1TK+nxAppkCLMIL0aZ4dblVCNoGShhm+kzE4ZUykBoMg4g==
    dependencies:
      fast-deep-equal "^3.1.1"
      fast-json-stable-stringify "^2.0.0"
      json-schema-traverse "^0.4.1"
      uri-js "^4.2.2"
  
  aws-sdk@^2.820.0:
    version "2.934.0"
    resolved "https://registry.yarnpkg.com/aws-sdk/-/aws-sdk-2.934.0.tgz#1c26bd8ded15d2f6b2aa3301d35fc5daf1a61d68"
    integrity sha512-k7p08ewrKcbs0ikCLFi9OI98Iv9dMND5244xPxUIjK5BLtuT/9Gr6eSCHfN70eCQyM5Y2xG1VJP6zhpkihu9Ew==
    dependencies:
      buffer "4.9.2"
      events "1.1.1"
      ieee754 "1.1.13"
      jmespath "0.15.0"
      querystring "0.2.0"
      sax "1.2.1"
      url "0.10.3"
      uuid "3.3.2"
      xml2js "0.4.19"
  
  balanced-match@^1.0.0:
    version "1.0.2"
    resolved "https://registry.yarnpkg.com/balanced-match/-/balanced-match-1.0.2.tgz#e83e3a7e3f300b34cb9d87f615fa0cbf357690ee"
    integrity sha512-3oSeUO0TMV67hN1AmbXsK4yaqU7tjiHlbxRDZOpH0KW9+CeX4bRAaX0Anxt0tx2MrpRpWwQaPwIlISEJhYU5Pw==
  
  base64-js@^1.0.2:
    version "1.5.1"
    resolved "https://registry.yarnpkg.com/base64-js/-/base64-js-1.5.1.tgz#1b1b440160a5bf7ad40b650f095963481903930a"
    integrity sha512-AKpaYlHn8t4SVbOHCy+b5+KKgvR4vrsD8vbvrbiQJps7fKDTkjkDry6ji0rUJjC0kzbNePLwzxq8iypo41qeWA==
  
  before-after-hook@^2.2.0:
    version "2.2.2"
    resolved "https://registry.yarnpkg.com/before-after-hook/-/before-after-hook-2.2.2.tgz#a6e8ca41028d90ee2c24222f201c90956091613e"
    integrity sha512-3pZEU3NT5BFUo/AD5ERPWOgQOCZITni6iavr5AUw5AUwQjMlI0kzu5btnyD39AF0gUEsDPwJT+oY1ORBJijPjQ==
  
  big.js@^5.2.2:
    version "5.2.2"
    resolved "https://registry.yarnpkg.com/big.js/-/big.js-5.2.2.tgz#65f0af382f578bcdc742bd9c281e9cb2d7768328"
    integrity sha512-vyL2OymJxmarO8gxMr0mhChsO9QGwhynfuu4+MHTAW6czfq9humCB7rKpUjDd9YUiDPU4mzpyupFSvOClAwbmQ==
  
  brace-expansion@^1.1.7:
    version "1.1.11"
    resolved "https://registry.yarnpkg.com/brace-expansion/-/brace-expansion-1.1.11.tgz#3c7fcbf529d87226f3d2f52b966ff5271eb441dd"
    integrity sha512-iCuPHDFgrHX7H2vEI/5xpz07zSHB00TpugqhmYtVmMO6518mCuRMoOYFldEBl0g187ufozdaHgWKcYFb61qGiA==
    dependencies:
      balanced-match "^1.0.0"
      concat-map "0.0.1"
  
  buffer@4.9.2:
    version "4.9.2"
    resolved "https://registry.yarnpkg.com/buffer/-/buffer-4.9.2.tgz#230ead344002988644841ab0244af8c44bbe3ef8"
    integrity sha512-xq+q3SRMOxGivLhBNaUdC64hDTQwejJ+H0T/NB1XMtTVEwNTrfFF3gAxiyW0Bu/xWEGhjVKgUcMhCrUy2+uCWg==
    dependencies:
      base64-js "^1.0.2"
      ieee754 "^1.1.4"
      isarray "^1.0.0"
  
  concat-map@0.0.1:
    version "0.0.1"
    resolved "https://registry.yarnpkg.com/concat-map/-/concat-map-0.0.1.tgz#d8a96bd77fd68df7793a73036a3ba0d5405d477b"
    integrity sha1-2Klr13/Wjfd5OnMDajug1UBdR3s=
  
  deprecation@^2.0.0, deprecation@^2.3.1:
    version "2.3.1"
    resolved "https://registry.yarnpkg.com/deprecation/-/deprecation-2.3.1.tgz#6368cbdb40abf3373b525ac87e4a260c3a700919"
    integrity sha512-xmHIy4F3scKVwMsQ4WnVaS8bHOx0DmVwRywosKhaILI0ywMDWPtBSku2HNxRvF7jtwDRsoEwYQSfbxj8b7RlJQ==
  
  emojis-list@^3.0.0:
    version "3.0.0"
    resolved "https://registry.yarnpkg.com/emojis-list/-/emojis-list-3.0.0.tgz#5570662046ad29e2e916e71aae260abdff4f6a78"
    integrity sha512-/kyM18EfinwXZbno9FyUGeFh87KC8HRQBQGildHZbEuRyWFOmv1U10o9BBp8XVZDVNNuQKyIGIu5ZYAAXJ0V2Q==
  
  esprima-extract-comments@^1.1.0:
    version "1.1.0"
    resolved "https://registry.yarnpkg.com/esprima-extract-comments/-/esprima-extract-comments-1.1.0.tgz#0dacab567a5900240de6d344cf18c33617becbc9"
    integrity sha512-sBQUnvJwpeE9QnPrxh7dpI/dp67erYG4WXEAreAMoelPRpMR7NWb4YtwRPn9b+H1uLQKl/qS8WYmyaljTpjIsw==
    dependencies:
      esprima "^4.0.0"
  
  esprima@^4.0.0:
    version "4.0.1"
    resolved "https://registry.yarnpkg.com/esprima/-/esprima-4.0.1.tgz#13b04cdb3e6c5d19df91ab6987a8695619b0aa71"
    integrity sha512-eGuFFw7Upda+g4p+QHvnW0RyTX/SVeJBDM/gCtMARO0cLuT2HcEKnTPvhjV6aGeqrCB/sbNop0Kszm0jsaWU4A==
  
  events@1.1.1:
    version "1.1.1"
    resolved "https://registry.yarnpkg.com/events/-/events-1.1.1.tgz#9ebdb7635ad099c70dcc4c2a1f5004288e8bd924"
    integrity sha1-nr23Y1rQmccNzEwqH1AEKI6L2SQ=
  
  extract-comments@^1.1.0:
    version "1.1.0"
    resolved "https://registry.yarnpkg.com/extract-comments/-/extract-comments-1.1.0.tgz#b90bca033a056bd69b8ba1c6b6b120fc2ee95c18"
    integrity sha512-dzbZV2AdSSVW/4E7Ti5hZdHWbA+Z80RJsJhr5uiL10oyjl/gy7/o+HI1HwK4/WSZhlq4SNKU3oUzXlM13Qx02Q==
    dependencies:
      esprima-extract-comments "^1.1.0"
      parse-code-context "^1.0.0"
  
  fast-deep-equal@^3.1.1:
    version "3.1.3"
    resolved "https://registry.yarnpkg.com/fast-deep-equal/-/fast-deep-equal-3.1.3.tgz#3a7d56b559d6cbc3eb512325244e619a65c6c525"
    integrity sha512-f3qQ9oQy9j2AhBe/H9VC91wLmKBCCU/gDOnKNAYG5hswO7BLKj09Hc5HYNz9cGI++xlpDCIgDaitVs03ATR84Q==
  
  fast-json-stable-stringify@^2.0.0:
    version "2.1.0"
    resolved "https://registry.yarnpkg.com/fast-json-stable-stringify/-/fast-json-stable-stringify-2.1.0.tgz#874bf69c6f404c2b5d99c481341399fd55892633"
    integrity sha512-lhd/wF+Lk98HZoTCtlVraHtfh5XYijIjalXck7saUtuanSDyLMxnHhSXEDJqHxD7msR8D0uCmqlkwjCV8xvwHw==
  
  fs.realpath@^1.0.0:
    version "1.0.0"
    resolved "https://registry.yarnpkg.com/fs.realpath/-/fs.realpath-1.0.0.tgz#1504ad2523158caa40db4a2787cb01411994ea4f"
    integrity sha1-FQStJSMVjKpA20onh8sBQRmU6k8=
  
  glob@^7.1.6:
    version "7.1.7"
    resolved "https://registry.yarnpkg.com/glob/-/glob-7.1.7.tgz#3b193e9233f01d42d0b3f78294bbeeb418f94a90"
    integrity sha512-OvD9ENzPLbegENnYP5UUfJIirTg4+XwMWGaQfQTY0JenxNvvIKP3U3/tAQSPIu/lHxXYSZmpXlUHeqAIdKzBLQ==
    dependencies:
      fs.realpath "^1.0.0"
      inflight "^1.0.4"
      inherits "2"
      minimatch "^3.0.4"
      once "^1.3.0"
      path-is-absolute "^1.0.0"
  
  ieee754@1.1.13:
    version "1.1.13"
    resolved "https://registry.yarnpkg.com/ieee754/-/ieee754-1.1.13.tgz#ec168558e95aa181fd87d37f55c32bbcb6708b84"
    integrity sha512-4vf7I2LYV/HaWerSo3XmlMkp5eZ83i+/CDluXi/IGTs/O1sejBNhTtnxzmRZfvOUqj7lZjqHkeTvpgSFDlWZTg==
  
  ieee754@^1.1.4:
    version "1.2.1"
    resolved "https://registry.yarnpkg.com/ieee754/-/ieee754-1.2.1.tgz#8eb7a10a63fff25d15a57b001586d177d1b0d352"
    integrity sha512-dcyqhDvX1C46lXZcVqCpK+FtMRQVdIMN6/Df5js2zouUsqG7I6sFxitIC+7KYK29KdXOLHdu9zL4sFnoVQnqaA==
  
  inflight@^1.0.4:
    version "1.0.6"
    resolved "https://registry.yarnpkg.com/inflight/-/inflight-1.0.6.tgz#49bd6331d7d02d0c09bc910a1075ba8165b56df9"
    integrity sha1-Sb1jMdfQLQwJvJEKEHW6gWW1bfk=
    dependencies:
      once "^1.3.0"
      wrappy "1"
  
  inherits@2:
    version "2.0.4"
    resolved "https://registry.yarnpkg.com/inherits/-/inherits-2.0.4.tgz#0fa2c64f932917c3433a0ded55363aae37416b7c"
    integrity sha512-k/vGaX4/Yla3WzyMCvTQOXYeIHvqOKtnqBduzTHpzpQZzAskKMhZ2K+EnBiSM9zGSoIFeMpXKxa4dYeZIQqewQ==
  
  is-plain-object@^5.0.0:
    version "5.0.0"
    resolved "https://registry.yarnpkg.com/is-plain-object/-/is-plain-object-5.0.0.tgz#4427f50ab3429e9025ea7d52e9043a9ef4159344"
    integrity sha512-VRSzKkbMm5jMDoKLbltAkFQ5Qr7VDiTFGXxYFXXowVj387GeGNOCsOH6Msy00SGZ3Fp84b1Naa1psqgcCIEP5Q==
  
  isarray@^1.0.0:
    version "1.0.0"
    resolved "https://registry.yarnpkg.com/isarray/-/isarray-1.0.0.tgz#bb935d48582cba168c06834957a54a3e07124f11"
    integrity sha1-u5NdSFgsuhaMBoNJV6VKPgcSTxE=
  
  jmespath@0.15.0:
    version "0.15.0"
    resolved "https://registry.yarnpkg.com/jmespath/-/jmespath-0.15.0.tgz#a3f222a9aae9f966f5d27c796510e28091764217"
    integrity sha1-o/Iiqarp+Wb10nx5ZRDigJF2Qhc=
  
  json-schema-traverse@^0.4.1:
    version "0.4.1"
    resolved "https://registry.yarnpkg.com/json-schema-traverse/-/json-schema-traverse-0.4.1.tgz#69f6a87d9513ab8bb8fe63bdb0979c448e684660"
    integrity sha512-xbbCH5dCYU5T8LcEhhuh7HJ88HXuW3qsI3Y0zOZFKfZEHcpWiHU/Jxzk629Brsab/mMiHQti9wMP+845RPe3Vg==
  
  json5@^2.1.2:
    version "2.2.0"
    resolved "https://registry.yarnpkg.com/json5/-/json5-2.2.0.tgz#2dfefe720c6ba525d9ebd909950f0515316c89a3"
    integrity sha512-f+8cldu7X/y7RAJurMEJmdoKXGB/X550w2Nr3tTbezL6RwEE/iMcm+tZnXeoZtKuOq6ft8+CqzEkrIgx1fPoQA==
    dependencies:
      minimist "^1.2.5"
  
  loader-utils@^2.0.0:
    version "2.0.0"
    resolved "https://registry.yarnpkg.com/loader-utils/-/loader-utils-2.0.0.tgz#e4cace5b816d425a166b5f097e10cd12b36064b0"
    integrity sha512-rP4F0h2RaWSvPEkD7BLDFQnvSf+nK+wr3ESUjNTyAGobqrijmW92zc+SO6d4p4B1wh7+B/Jg1mkQe5NYUEHtHQ==
    dependencies:
      big.js "^5.2.2"
      emojis-list "^3.0.0"
      json5 "^2.1.2"
  
  mime-db@1.48.0:
    version "1.48.0"
    resolved "https://registry.yarnpkg.com/mime-db/-/mime-db-1.48.0.tgz#e35b31045dd7eada3aaad537ed88a33afbef2d1d"
    integrity sha512-FM3QwxV+TnZYQ2aRqhlKBMHxk10lTbMt3bBkMAp54ddrNeVSfcQYOOKuGuy3Ddrm38I04If834fOUSq1yzslJQ==
  
  mime-types@^2.1.30:
    version "2.1.31"
    resolved "https://registry.yarnpkg.com/mime-types/-/mime-types-2.1.31.tgz#a00d76b74317c61f9c2db2218b8e9f8e9c5c9e6b"
    integrity sha512-XGZnNzm3QvgKxa8dpzyhFTHmpP3l5YNusmne07VUOXxou9CqUqYa/HBy124RqtVh/O2pECas/MOcsDgpilPOPg==
    dependencies:
      mime-db "1.48.0"
  
  mini-css-extract-plugin@^1.5.0:
    version "1.6.0"
    resolved "https://registry.yarnpkg.com/mini-css-extract-plugin/-/mini-css-extract-plugin-1.6.0.tgz#b4db2525af2624899ed64a23b0016e0036411893"
    integrity sha512-nPFKI7NSy6uONUo9yn2hIfb9vyYvkFu95qki0e21DQ9uaqNKDP15DGpK0KnV6wDroWxPHtExrdEwx/yDQ8nVRw==
    dependencies:
      loader-utils "^2.0.0"
      schema-utils "^3.0.0"
      webpack-sources "^1.1.0"
  
  minimatch@^3.0.4:
    version "3.0.4"
    resolved "https://registry.yarnpkg.com/minimatch/-/minimatch-3.0.4.tgz#5166e286457f03306064be5497e8dbb0c3d32083"
    integrity sha512-yJHVQEhyqPLUTgt9B83PXu6W3rx4MvvHvSUvToogpwoGDOUQ+yDrR0HRot+yOCdCO7u4hX3pWft6kWBBcqh0UA==
    dependencies:
      brace-expansion "^1.1.7"
  
  minimist@^1.2.5:
    version "1.2.5"
    resolved "https://registry.yarnpkg.com/minimist/-/minimist-1.2.5.tgz#67d66014b66a6a8aaa0c083c5fd58df4e4e97602"
    integrity sha512-FM9nNUYrRBAELZQT3xeZQ7fmMOBg6nWNmJKTcgsJeaLstP/UODVpGsr5OhXhhXg6f+qtJ8uiZ+PUxkDWcgIXLw==
  
  node-fetch@^2.6.1:
    version "2.6.1"
    resolved "https://registry.yarnpkg.com/node-fetch/-/node-fetch-2.6.1.tgz#045bd323631f76ed2e2b55573394416b639a0052"
    integrity sha512-V4aYg89jEoVRxRb2fJdAg8FHvI7cEyYdVAh94HH0UIK8oJxUfkjlDQN9RbMx+bEjP7+ggMiFRprSti032Oipxw==
  
  once@^1.3.0, once@^1.4.0:
    version "1.4.0"
    resolved "https://registry.yarnpkg.com/once/-/once-1.4.0.tgz#583b1aa775961d4b113ac17d9c50baef9dd76bd1"
    integrity sha1-WDsap3WWHUsROsF9nFC6753Xa9E=
    dependencies:
      wrappy "1"
  
  parse-code-context@^1.0.0:
    version "1.0.0"
    resolved "https://registry.yarnpkg.com/parse-code-context/-/parse-code-context-1.0.0.tgz#718c295c593d0d19a37f898473268cc75e98de1e"
    integrity sha512-OZQaqKaQnR21iqhlnPfVisFjBWjhnMl5J9MgbP8xC+EwoVqbXrq78lp+9Zb3ahmLzrIX5Us/qbvBnaS3hkH6OA==
  
  parse-html-comments@^1.3.1:
    version "1.3.1"
    resolved "https://registry.yarnpkg.com/parse-html-comments/-/parse-html-comments-1.3.1.tgz#c6363e5288e7168575a350c0c5495e9e8cd8a751"
    integrity sha512-k1uvLzOf4K49Kr5Kx+BZyu7y5LKChtNU69xzXM/M7b9/xMM79ScdPmeDiK4FeLLISeLmkaMmuWAcq/lQu55eIA==
  
  path-is-absolute@^1.0.0:
    version "1.0.1"
    resolved "https://registry.yarnpkg.com/path-is-absolute/-/path-is-absolute-1.0.1.tgz#174b9268735534ffbc7ace6bf53a5a9e1b5c5f5f"
    integrity sha1-F0uSaHNVNP+8es5r9TpanhtcX18=
  
  punycode@1.3.2:
    version "1.3.2"
    resolved "https://registry.yarnpkg.com/punycode/-/punycode-1.3.2.tgz#9653a036fb7c1ee42342f2325cceefea3926c48d"
    integrity sha1-llOgNvt8HuQjQvIyXM7v6jkmxI0=
  
  punycode@^2.1.0:
    version "2.1.1"
    resolved "https://registry.yarnpkg.com/punycode/-/punycode-2.1.1.tgz#b58b010ac40c22c5657616c8d2c2c02c7bf479ec"
    integrity sha512-XRsRjdf+j5ml+y/6GKHPZbrF/8p2Yga0JPtdqTIY2Xe5ohJPD9saDJJLPvp9+NSBprVvevdXZybnj2cv8OEd0A==
  
  querystring@0.2.0:
    version "0.2.0"
    resolved "https://registry.yarnpkg.com/querystring/-/querystring-0.2.0.tgz#b209849203bb25df820da756e747005878521620"
    integrity sha1-sgmEkgO7Jd+CDadW50cAWHhSFiA=
  
  sax@1.2.1:
    version "1.2.1"
    resolved "https://registry.yarnpkg.com/sax/-/sax-1.2.1.tgz#7b8e656190b228e81a66aea748480d828cd2d37a"
    integrity sha1-e45lYZCyKOgaZq6nSEgNgozS03o=
  
  sax@>=0.6.0:
    version "1.2.4"
    resolved "https://registry.yarnpkg.com/sax/-/sax-1.2.4.tgz#2816234e2378bddc4e5354fab5caa895df7100d9"
    integrity sha512-NqVDv9TpANUjFm0N8uM5GxL36UgKi9/atZw+x7YFnQ8ckwFGKrl4xX4yWtrey3UJm5nP1kUbnYgLopqWNSRhWw==
  
  schema-utils@^3.0.0:
    version "3.0.0"
    resolved "https://registry.yarnpkg.com/schema-utils/-/schema-utils-3.0.0.tgz#67502f6aa2b66a2d4032b4279a2944978a0913ef"
    integrity sha512-6D82/xSzO094ajanoOSbe4YvXWMfn2A//8Y1+MUqFAJul5Bs+yn36xbK9OtNDcRVSBJ9jjeoXftM6CfztsjOAA==
    dependencies:
      "@types/json-schema" "^7.0.6"
      ajv "^6.12.5"
      ajv-keywords "^3.5.2"
  
  source-list-map@^2.0.0:
    version "2.0.1"
    resolved "https://registry.yarnpkg.com/source-list-map/-/source-list-map-2.0.1.tgz#3993bd873bfc48479cca9ea3a547835c7c154b34"
    integrity sha512-qnQ7gVMxGNxsiL4lEuJwe/To8UnK7fAnmbGEEH8RpLouuKbeEm0lhbQVFIrNSuB+G7tVrAlVsZgETT5nljf+Iw==
  
  source-map@~0.6.1:
    version "0.6.1"
    resolved "https://registry.yarnpkg.com/source-map/-/source-map-0.6.1.tgz#74722af32e9614e9c287a8d0bbde48b5e2f1a263"
    integrity sha512-UjgapumWlbMhkBgzT7Ykc5YXUT46F0iKu8SGXq0bcwP5dz/h0Plj6enJqjz1Zbq2l5WaqYnrVbwWOWMyF3F47g==
  
  tunnel@0.0.6:
    version "0.0.6"
    resolved "https://registry.yarnpkg.com/tunnel/-/tunnel-0.0.6.tgz#72f1314b34a5b192db012324df2cc587ca47f92c"
    integrity sha512-1h/Lnq9yajKY2PEbBadPXj3VxsDDu844OnaAo52UVmIzIvwwtBPIuNvkjuzBlTWpfJyUbG3ez0KSBibQkj4ojg==
  
  universal-user-agent@^6.0.0:
    version "6.0.0"
    resolved "https://registry.yarnpkg.com/universal-user-agent/-/universal-user-agent-6.0.0.tgz#3381f8503b251c0d9cd21bc1de939ec9df5480ee"
    integrity sha512-isyNax3wXoKaulPDZWHQqbmIx1k2tb9fb3GGDBRxCscfYV2Ch7WxPArBsFEG8s/safwXTT7H4QGhaIkTp9447w==
  
  uri-js@^4.2.2:
    version "4.4.1"
    resolved "https://registry.yarnpkg.com/uri-js/-/uri-js-4.4.1.tgz#9b1a52595225859e55f669d928f88c6c57f2a77e"
    integrity sha512-7rKUyy33Q1yc98pQ1DAmLtwX109F7TIfWlW1Ydo8Wl1ii1SeHieeh0HHfPeL2fMXK6z0s8ecKs9frCuLJvndBg==
    dependencies:
      punycode "^2.1.0"
  
  url@0.10.3:
    version "0.10.3"
    resolved "https://registry.yarnpkg.com/url/-/url-0.10.3.tgz#021e4d9c7705f21bbf37d03ceb58767402774c64"
    integrity sha1-Ah5NnHcF8hu/N9A861h2dAJ3TGQ=
    dependencies:
      punycode "1.3.2"
      querystring "0.2.0"
  
  uuid@3.3.2:
    version "3.3.2"
    resolved "https://registry.yarnpkg.com/uuid/-/uuid-3.3.2.tgz#1b4af4955eb3077c501c23872fc6513811587131"
    integrity sha512-yXJmeNaw3DnnKAOKJE51sL/ZaYfWJRl1pK9dr19YFCu0ObS231AB1/LbqTKRAQ5kw8A90rA6fr4riOUpTZvQZA==
  
  webpack-sources@^1.1.0:
    version "1.4.3"
    resolved "https://registry.yarnpkg.com/webpack-sources/-/webpack-sources-1.4.3.tgz#eedd8ec0b928fbf1cbfe994e22d2d890f330a933"
    integrity sha512-lgTS3Xhv1lCOKo7SA5TjKXMjpSM4sBjNV5+q2bqesbSPs5FjGmU6jjtBSkX9b4qW87vDIsCIlUPOEhbZrMdjeQ==
    dependencies:
      source-list-map "^2.0.0"
      source-map "~0.6.1"
  
  wrappy@1:
    version "1.0.2"
    resolved "https://registry.yarnpkg.com/wrappy/-/wrappy-1.0.2.tgz#b5243d8f3ec1aa35f1364605bc0d1036e30ab69f"
    integrity sha1-tSQ9jz7BqjXxNkYFvA0QNuMKtp8=
  
  ws@^7.3.1, ws@^7.4.4:
    version "7.5.0"
    resolved "https://registry.yarnpkg.com/ws/-/ws-7.5.0.tgz#0033bafea031fb9df041b2026fc72a571ca44691"
    integrity sha512-6ezXvzOZupqKj4jUqbQ9tXuJNo+BR2gU8fFRk3XCP3e0G6WT414u5ELe6Y0vtp7kmSJ3F7YWObSNr1ESsgi4vw==
  
  xml2js@0.4.19:
    version "0.4.19"
    resolved "https://registry.yarnpkg.com/xml2js/-/xml2js-0.4.19.tgz#686c20f213209e94abf0d1bcf1efaa291c7827a7"
    integrity sha512-esZnJZJOiJR9wWKMyuvSE1y6Dq5LCuJanqhxslH2bxM6duahNZ+HMpCLhBQGZkbX6xRf8x1Y2eJlgt2q3qo49Q==
    dependencies:
      sax ">=0.6.0"
      xmlbuilder "~9.0.1"
  
  xmlbuilder@~9.0.1:
    version "9.0.7"
    resolved "https://registry.yarnpkg.com/xmlbuilder/-/xmlbuilder-9.0.7.tgz#132ee63d2ec5565c557e20f4c22df9aca686b10d"
    integrity sha1-Ey7mPS7FVlxVfiD0wi35rKaGsQ0=
